{
  "RSpec": {
    "coverage": {
      "/Users/marcharbatkin/Projects/vads/gi-bill-comparison-tool/spec/rails_helper.rb": [
        null,
        1,
        1,
        null,
        1,
        1,
        1,
        null,
        1,
        null,
        null,
        null,
        null,
        null,
        null,
        null,
        null,
        null,
        null,
        null,
        null,
        null,
        null,
        null,
        null,
        null,
        null,
        1,
        null,
        0,
        null,
        0,
        null,
        null,
        0,
        null,
        null,
        null,
        null,
        null,
        null,
        null,
        0,
        null,
        null,
        null,
        0,
        0,
        null,
        null,
        null,
        0,
        0,
        null,
        null,
        null,
        null,
        null,
        null,
        null,
        0,
        0,
        null,
        null,
        null,
        0,
        0,
        null,
        null,
        null,
        null,
        0,
        0,
        null,
        null,
        null,
        0,
        null,
        null,
        null,
        null,
        null,
        null,
        null,
        null,
        null,
        null,
        null,
        null,
        null,
        null,
        0,
        null
      ],
      "/Users/marcharbatkin/Projects/vads/gi-bill-comparison-tool/config/environment.rb": [
        null,
        1,
        null,
        null,
        1
      ],
      "/Users/marcharbatkin/Projects/vads/gi-bill-comparison-tool/config/application.rb": [
        1,
        null,
        1,
        null,
        1,
        1,
        1,
        1,
        1,
        1,
        1,
        null,
        null,
        null,
        null,
        1,
        null,
        1,
        1,
        null,
        null,
        null,
        null,
        null,
        null,
        null,
        null,
        null,
        null,
        null,
        null,
        null,
        1,
        null,
        null,
        1,
        null,
        null
      ],
      "/Users/marcharbatkin/Projects/vads/gi-bill-comparison-tool/config/boot.rb": [
        1,
        null,
        1
      ],
      "/Users/marcharbatkin/Projects/vads/gi-bill-comparison-tool/config/environments/test.rb": [
        1,
        null,
        null,
        null,
        null,
        null,
        null,
        1,
        null,
        null,
        null,
        null,
        1,
        null,
        null,
        1,
        1,
        null,
        null,
        1,
        1,
        null,
        null,
        1,
        null,
        null,
        1,
        null,
        null,
        null,
        null,
        1,
        null,
        null,
        1,
        null,
        null,
        1,
        null,
        null,
        null,
        null
      ],
      "/Users/marcharbatkin/Projects/vads/gi-bill-comparison-tool/config/initializers/assets.rb": [
        null,
        null,
        null,
        1,
        null,
        null,
        null,
        null,
        null,
        null,
        null,
        1,
        1,
        1,
        1,
        1
      ],
      "/Users/marcharbatkin/Projects/vads/gi-bill-comparison-tool/config/initializers/backtrace_silencers.rb": [
        null,
        null,
        null,
        null,
        null,
        null,
        null
      ],
      "/Users/marcharbatkin/Projects/vads/gi-bill-comparison-tool/config/initializers/constants.rb": [

      ],
      "/Users/marcharbatkin/Projects/vads/gi-bill-comparison-tool/config/initializers/cookies_serializer.rb": [
        null,
        null,
        1
      ],
      "/Users/marcharbatkin/Projects/vads/gi-bill-comparison-tool/config/initializers/filter_parameter_logging.rb": [
        null,
        null,
        null,
        1
      ],
      "/Users/marcharbatkin/Projects/vads/gi-bill-comparison-tool/config/initializers/inflections.rb": [
        null,
        null,
        null,
        null,
        null,
        null,
        null,
        null,
        null,
        null,
        null,
        null,
        null,
        null,
        null,
        null
      ],
      "/Users/marcharbatkin/Projects/vads/gi-bill-comparison-tool/config/initializers/mime_types.rb": [
        null,
        null,
        null,
        null
      ],
      "/Users/marcharbatkin/Projects/vads/gi-bill-comparison-tool/config/initializers/session_store.rb": [
        null,
        null,
        1
      ],
      "/Users/marcharbatkin/Projects/vads/gi-bill-comparison-tool/config/initializers/wrap_parameters.rb": [
        null,
        null,
        null,
        null,
        null,
        null,
        1,
        1,
        null,
        null,
        null,
        null,
        null,
        null
      ],
      "/Users/marcharbatkin/Projects/vads/gi-bill-comparison-tool/spec/factories/institution_types.rb": [
        1,
        1,
        1,
        null,
        null
      ],
      "/Users/marcharbatkin/Projects/vads/gi-bill-comparison-tool/spec/factories/institutions.rb": [
        1,
        1,
        1,
        null,
        1,
        1,
        1,
        null,
        1,
        1,
        1,
        1,
        null,
        null,
        1,
        1,
        1,
        1,
        null,
        null,
        1,
        1,
        1,
        1,
        null,
        null,
        1,
        1,
        1,
        1,
        1,
        null,
        null,
        1,
        1,
        1,
        1,
        1,
        null,
        null,
        1,
        1,
        1,
        1,
        1,
        null,
        null,
        null
      ],
      "/Users/marcharbatkin/Projects/vads/gi-bill-comparison-tool/config/routes.rb": [
        1,
        1,
        null,
        1,
        1,
        1,
        null
      ],
      "/Users/marcharbatkin/Projects/vads/gi-bill-comparison-tool/app/helpers/application_helper.rb": [
        1,
        null
      ],
      "/Users/marcharbatkin/Projects/vads/gi-bill-comparison-tool/app/helpers/institutions_helper.rb": [
        1,
        1,
        0,
        0,
        null,
        0,
        null,
        null,
        1,
        0,
        null,
        null,
        1,
        0,
        null,
        0,
        null,
        null,
        1,
        0,
        0,
        0,
        0,
        0,
        null,
        0,
        null,
        null,
        null,
        1,
        0,
        0,
        0,
        0,
        null,
        0,
        null,
        null,
        null,
        1,
        0,
        null,
        0,
        0,
        0,
        null,
        0,
        null,
        0,
        null,
        null,
        0,
        null,
        null
      ]
    },
    "timestamp": 1460494781
  }
}
